# JRE version: Java(TM) SE Runtime Environment (8.0_161-b12) (build 1.8.0_161-b12)
# Java VM: Java HotSpot(TM) 64-Bit Server VM (25.161-b12 mixed mode bsd-amd64 compressed oops)
Heap:
 PSYoungGen      total 666112K, used 20147K [0x000000076ab00000, 0x00000007aa000000, 0x00000007c0000000)
  eden space 585216K, 3% used [0x000000076ab00000,0x000000076beacdf0,0x000000078e680000)
  from space 80896K, 0% used [0x000000078e680000,0x000000078e680000,0x0000000793580000)
  to   space 141312K, 0% used [0x00000007a1600000,0x00000007a1600000,0x00000007aa000000)
 ParOldGen       total 628224K, used 310974K [0x00000006c0000000, 0x00000006e6580000, 0x000000076ab00000)
  object space 628224K, 49% used [0x00000006c0000000,0x00000006d2faf840,0x00000006e6580000)
 Metaspace       used 34572K, capacity 35696K, committed 35968K, reserved 1081344K
  class space    used 4055K, capacity 4437K, committed 4480K, reserved 1048576K
GC Heap History (10 events):
Event: 12.839 GC heap before
{Heap before GC invocations=10 (full 1):
 PSYoungGen      total 500736K, used 491000K [0x000000076ab00000, 0x000000078b680000, 0x00000007c0000000)
  eden space 473088K, 100% used [0x000000076ab00000,0x0000000787900000,0x0000000787900000)
  from space 27648K, 64% used [0x0000000789300000,0x000000078a47e130,0x000000078ae00000)
  to   space 26624K, 0% used [0x0000000787900000,0x0000000787900000,0x0000000789300000)
 ParOldGen       total 138752K, used 37982K [0x00000006c0000000, 0x00000006c8780000, 0x000000076ab00000)
  object space 138752K, 27% used [0x00000006c0000000,0x00000006c2517b20,0x00000006c8780000)
 Metaspace       used 34082K, capacity 35122K, committed 35456K, reserved 1081344K
  class space    used 4026K, capacity 4397K, committed 4480K, reserved 1048576K
Event: 12.915 GC heap after
Heap after GC invocations=10 (full 1):
 PSYoungGen      total 499712K, used 26613K [0x000000076ab00000, 0x0000000798000000, 0x00000007c0000000)
  eden space 473088K, 0% used [0x000000076ab00000,0x000000076ab00000,0x0000000787900000)
  from space 26624K, 99% used [0x0000000787900000,0x00000007892fd670,0x0000000789300000)
  to   space 76288K, 0% used [0x0000000793580000,0x0000000793580000,0x0000000798000000)
 ParOldGen       total 157184K, used 154299K [0x00000006c0000000, 0x00000006c9980000, 0x000000076ab00000)
  object space 157184K, 98% used [0x00000006c0000000,0x00000006c96aed10,0x00000006c9980000)
 Metaspace       used 34082K, capacity 35122K, committed 35456K, reserved 1081344K
  class space    used 4026K, capacity 4397K, committed 4480K, reserved 1048576K
}
Event: 12.915 GC heap before
{Heap before GC invocations=11 (full 2):
 PSYoungGen      total 499712K, used 26613K [0x000000076ab00000, 0x0000000798000000, 0x00000007c0000000)
  eden space 473088K, 0% used [0x000000076ab00000,0x000000076ab00000,0x0000000787900000)
  from space 26624K, 99% used [0x0000000787900000,0x00000007892fd670,0x0000000789300000)
  to   space 76288K, 0% used [0x0000000793580000,0x0000000793580000,0x0000000798000000)
 ParOldGen       total 157184K, used 154299K [0x00000006c0000000, 0x00000006c9980000, 0x000000076ab00000)
  object space 157184K, 98% used [0x00000006c0000000,0x00000006c96aed10,0x00000006c9980000)
 Metaspace       used 34082K, capacity 35122K, committed 35456K, reserved 1081344K
  class space    used 4026K, capacity 4397K, committed 4480K, reserved 1048576K
Event: 13.177 GC heap after
Heap after GC invocations=11 (full 2):
 PSYoungGen      total 499712K, used 9770K [0x000000076ab00000, 0x0000000798000000, 0x00000007c0000000)
  eden space 473088K, 0% used [0x000000076ab00000,0x000000076ab00000,0x0000000787900000)
  from space 26624K, 36% used [0x0000000787900000,0x000000078828a940,0x0000000789300000)
  to   space 76288K, 0% used [0x0000000793580000,0x0000000793580000,0x0000000798000000)
 ParOldGen       total 377856K, used 156804K [0x00000006c0000000, 0x00000006d7100000, 0x000000076ab00000)
  object space 377856K, 41% used [0x00000006c0000000,0x00000006c9921290,0x00000006d7100000)
 Metaspace       used 34080K, capacity 35116K, committed 35456K, reserved 1081344K
  class space    used 4026K, capacity 4395K, committed 4480K, reserved 1048576K
}
Event: 15.371 GC heap before
{Heap before GC invocations=12 (full 2):
 PSYoungGen      total 499712K, used 482858K [0x000000076ab00000, 0x0000000798000000, 0x00000007c0000000)
  eden space 473088K, 100% used [0x000000076ab00000,0x0000000787900000,0x0000000787900000)
  from space 26624K, 36% used [0x0000000787900000,0x000000078828a940,0x0000000789300000)
  to   space 76288K, 0% used [0x0000000793580000,0x0000000793580000,0x0000000798000000)
 ParOldGen       total 377856K, used 156804K [0x00000006c0000000, 0x00000006d7100000, 0x000000076ab00000)
  object space 377856K, 41% used [0x00000006c0000000,0x00000006c9921290,0x00000006d7100000)
 Metaspace       used 34539K, capacity 35638K, committed 35712K, reserved 1081344K
  class space    used 4055K, capacity 4439K, committed 4480K, reserved 1048576K
Event: 15.414 GC heap after
Heap after GC invocations=12 (full 2):
 PSYoungGen      total 661504K, used 56178K [0x000000076ab00000, 0x0000000799080000, 0x00000007c0000000)
  eden space 585216K, 0% used [0x000000076ab00000,0x000000076ab00000,0x000000078e680000)
  from space 76288K, 73% used [0x0000000793580000,0x0000000796c5cbc0,0x0000000798000000)
  to   space 80896K, 0% used [0x000000078e680000,0x000000078e680000,0x0000000793580000)
 ParOldGen       total 377856K, used 156812K [0x00000006c0000000, 0x00000006d7100000, 0x000000076ab00000)
  object space 377856K, 41% used [0x00000006c0000000,0x00000006c9923290,0x00000006d7100000)
 Metaspace       used 34539K, capacity 35638K, committed 35712K, reserved 1081344K
  class space    used 4055K, capacity 4439K, committed 4480K, reserved 1048576K
}
Event: 17.579 GC heap before
{Heap before GC invocations=13 (full 2):
 PSYoungGen      total 661504K, used 641394K [0x000000076ab00000, 0x0000000799080000, 0x00000007c0000000)
  eden space 585216K, 100% used [0x000000076ab00000,0x000000078e680000,0x000000078e680000)
  from space 76288K, 73% used [0x0000000793580000,0x0000000796c5cbc0,0x0000000798000000)
  to   space 80896K, 0% used [0x000000078e680000,0x000000078e680000,0x0000000793580000)
 ParOldGen       total 377856K, used 156829K [0x00000006c0000000, 0x00000006d7100000, 0x000000076ab00000)
  object space 377856K, 41% used [0x00000006c0000000,0x00000006c9927528,0x00000006d7100000)
 Metaspace       used 34575K, capacity 35702K, committed 35968K, reserved 1081344K
  class space    used 4055K, capacity 4439K, committed 4480K, reserved 1048576K
Event: 17.677 GC heap after
Heap after GC invocations=13 (full 2):
 PSYoungGen      total 666112K, used 80881K [0x000000076ab00000, 0x00000007aa000000, 0x00000007c0000000)
  eden space 585216K, 0% used [0x000000076ab00000,0x000000076ab00000,0x000000078e680000)
  from space 80896K, 99% used [0x000000078e680000,0x000000079357c4c0,0x0000000793580000)
  to   space 141312K, 0% used [0x00000007a1600000,0x00000007a1600000,0x00000007aa000000)
 ParOldGen       total 377856K, used 285514K [0x00000006c0000000, 0x00000006d7100000, 0x000000076ab00000)
  object space 377856K, 75% used [0x00000006c0000000,0x00000006d16d29c8,0x00000006d7100000)
 Metaspace       used 34575K, capacity 35702K, committed 35968K, reserved 1081344K
  class space    used 4055K, capacity 4439K, committed 4480K, reserved 1048576K
}
Event: 17.677 GC heap before
{Heap before GC invocations=14 (full 3):
 PSYoungGen      total 666112K, used 80881K [0x000000076ab00000, 0x00000007aa000000, 0x00000007c0000000)
  eden space 585216K, 0% used [0x000000076ab00000,0x000000076ab00000,0x000000078e680000)
  from space 80896K, 99% used [0x000000078e680000,0x000000079357c4c0,0x0000000793580000)
  to   space 141312K, 0% used [0x00000007a1600000,0x00000007a1600000,0x00000007aa000000)
 ParOldGen       total 377856K, used 285514K [0x00000006c0000000, 0x00000006d7100000, 0x000000076ab00000)
  object space 377856K, 75% used [0x00000006c0000000,0x00000006d16d29c8,0x00000006d7100000)
 Metaspace       used 34575K, capacity 35702K, committed 35968K, reserved 1081344K
  class space    used 4055K, capacity 4439K, committed 4480K, reserved 1048576K
Event: 18.035 GC heap after
Heap after GC invocations=14 (full 3):
 PSYoungGen      total 666112K, used 0K [0x000000076ab00000, 0x00000007aa000000, 0x00000007c0000000)
  eden space 585216K, 0% used [0x000000076ab00000,0x000000076ab00000,0x000000078e680000)
  from space 80896K, 0% used [0x000000078e680000,0x000000078e680000,0x0000000793580000)
  to   space 141312K, 0% used [0x00000007a1600000,0x00000007a1600000,0x00000007aa000000)
 ParOldGen       total 628224K, used 310974K [0x00000006c0000000, 0x00000006e6580000, 0x000000076ab00000)
  object space 628224K, 49% used [0x00000006c0000000,0x00000006d2faf840,0x00000006e6580000)
 Metaspace       used 34572K, capacity 35696K, committed 35968K, reserved 1081344K
  class space    used 4055K, capacity 4437K, committed 4480K, reserved 1048576K
}

