# JRE version: Java(TM) SE Runtime Environment (8.0_161-b12) (build 1.8.0_161-b12)
# Java VM: Java HotSpot(TM) 64-Bit Server VM (25.161-b12 mixed mode bsd-amd64 compressed oops)
Heap:
 PSYoungGen      total 680960K, used 652847K [0x000000076ab00000, 0x000000079a980000, 0x00000007c0000000)
  eden space 600576K, 99% used [0x000000076ab00000,0x000000078f32f830,0x000000078f580000)
  from space 80384K, 67% used [0x0000000794780000,0x0000000797cdc4b8,0x0000000799600000)
  to   space 83968K, 0% used [0x000000078f580000,0x000000078f580000,0x0000000794780000)
 ParOldGen       total 376320K, used 157046K [0x00000006c0000000, 0x00000006d6f80000, 0x000000076ab00000)
  object space 376320K, 41% used [0x00000006c0000000,0x00000006c995d888,0x00000006d6f80000)
 Metaspace       used 34540K, capacity 35638K, committed 35712K, reserved 1081344K
  class space    used 4056K, capacity 4439K, committed 4480K, reserved 1048576K
GC Heap History (10 events):
Event: 10.246 GC heap before
{Heap before GC invocations=8 (full 1):
 PSYoungGen      total 379904K, used 376490K [0x000000076ab00000, 0x0000000783e80000, 0x00000007c0000000)
  eden space 352768K, 100% used [0x000000076ab00000,0x0000000780380000,0x0000000780380000)
  from space 27136K, 87% used [0x0000000782080000,0x00000007837aa810,0x0000000783b00000)
  to   space 29696K, 0% used [0x0000000780380000,0x0000000780380000,0x0000000782080000)
 ParOldGen       total 138752K, used 37939K [0x00000006c0000000, 0x00000006c8780000, 0x000000076ab00000)
  object space 138752K, 27% used [0x00000006c0000000,0x00000006c250cf98,0x00000006c8780000)
 Metaspace       used 33243K, capacity 34242K, committed 34560K, reserved 1079296K
  class space    used 3962K, capacity 4325K, committed 4352K, reserved 1048576K
Event: 10.259 GC heap after
Heap after GC invocations=8 (full 1):
 PSYoungGen      total 382464K, used 21369K [0x000000076ab00000, 0x000000078ba80000, 0x00000007c0000000)
  eden space 352768K, 0% used [0x000000076ab00000,0x000000076ab00000,0x0000000780380000)
  from space 29696K, 71% used [0x0000000780380000,0x000000078185e588,0x0000000782080000)
  to   space 29696K, 0% used [0x0000000789d80000,0x0000000789d80000,0x000000078ba80000)
 ParOldGen       total 138752K, used 37939K [0x00000006c0000000, 0x00000006c8780000, 0x000000076ab00000)
  object space 138752K, 27% used [0x00000006c0000000,0x00000006c250cf98,0x00000006c8780000)
 Metaspace       used 33243K, capacity 34242K, committed 34560K, reserved 1079296K
  class space    used 3962K, capacity 4325K, committed 4352K, reserved 1048576K
}
Event: 10.712 GC heap before
{Heap before GC invocations=9 (full 1):
 PSYoungGen      total 382464K, used 374137K [0x000000076ab00000, 0x000000078ba80000, 0x00000007c0000000)
  eden space 352768K, 100% used [0x000000076ab00000,0x0000000780380000,0x0000000780380000)
  from space 29696K, 71% used [0x0000000780380000,0x000000078185e588,0x0000000782080000)
  to   space 29696K, 0% used [0x0000000789d80000,0x0000000789d80000,0x000000078ba80000)
 ParOldGen       total 138752K, used 37939K [0x00000006c0000000, 0x00000006c8780000, 0x000000076ab00000)
  object space 138752K, 27% used [0x00000006c0000000,0x00000006c250cf98,0x00000006c8780000)
 Metaspace       used 33437K, capacity 34548K, committed 34944K, reserved 1079296K
  class space    used 3974K, capacity 4360K, committed 4480K, reserved 1048576K
Event: 10.726 GC heap after
Heap after GC invocations=9 (full 1):
 PSYoungGen      total 510976K, used 19892K [0x000000076ab00000, 0x000000078c380000, 0x00000007c0000000)
  eden space 481280K, 0% used [0x000000076ab00000,0x000000076ab00000,0x0000000788100000)
  from space 29696K, 66% used [0x0000000789d80000,0x000000078b0ed3c8,0x000000078ba80000)
  to   space 29184K, 0% used [0x0000000788100000,0x0000000788100000,0x0000000789d80000)
 ParOldGen       total 138752K, used 37947K [0x00000006c0000000, 0x00000006c8780000, 0x000000076ab00000)
  object space 138752K, 27% used [0x00000006c0000000,0x00000006c250ef98,0x00000006c8780000)
 Metaspace       used 33437K, capacity 34548K, committed 34944K, reserved 1079296K
  class space    used 3974K, capacity 4360K, committed 4480K, reserved 1048576K
}
Event: 12.778 GC heap before
{Heap before GC invocations=10 (full 1):
 PSYoungGen      total 510976K, used 501172K [0x000000076ab00000, 0x000000078c380000, 0x00000007c0000000)
  eden space 481280K, 100% used [0x000000076ab00000,0x0000000788100000,0x0000000788100000)
  from space 29696K, 66% used [0x0000000789d80000,0x000000078b0ed3c8,0x000000078ba80000)
  to   space 29184K, 0% used [0x0000000788100000,0x0000000788100000,0x0000000789d80000)
 ParOldGen       total 138752K, used 37947K [0x00000006c0000000, 0x00000006c8780000, 0x000000076ab00000)
  object space 138752K, 27% used [0x00000006c0000000,0x00000006c250ef98,0x00000006c8780000)
 Metaspace       used 34062K, capacity 35186K, committed 35456K, reserved 1081344K
  class space    used 4028K, capacity 4397K, committed 4480K, reserved 1048576K
Event: 12.852 GC heap after
Heap after GC invocations=10 (full 1):
 PSYoungGen      total 510464K, used 29174K [0x000000076ab00000, 0x0000000799600000, 0x00000007c0000000)
  eden space 481280K, 0% used [0x000000076ab00000,0x000000076ab00000,0x0000000788100000)
  from space 29184K, 99% used [0x0000000788100000,0x0000000789d7d988,0x0000000789d80000)
  to   space 80384K, 0% used [0x0000000794780000,0x0000000794780000,0x0000000799600000)
 ParOldGen       total 157184K, used 156674K [0x00000006c0000000, 0x00000006c9980000, 0x000000076ab00000)
  object space 157184K, 99% used [0x00000006c0000000,0x00000006c9900bc0,0x00000006c9980000)
 Metaspace       used 34062K, capacity 35186K, committed 35456K, reserved 1081344K
  class space    used 4028K, capacity 4397K, committed 4480K, reserved 1048576K
}
Event: 12.852 GC heap before
{Heap before GC invocations=11 (full 2):
 PSYoungGen      total 510464K, used 29174K [0x000000076ab00000, 0x0000000799600000, 0x00000007c0000000)
  eden space 481280K, 0% used [0x000000076ab00000,0x000000076ab00000,0x0000000788100000)
  from space 29184K, 99% used [0x0000000788100000,0x0000000789d7d988,0x0000000789d80000)
  to   space 80384K, 0% used [0x0000000794780000,0x0000000794780000,0x0000000799600000)
 ParOldGen       total 157184K, used 156674K [0x00000006c0000000, 0x00000006c9980000, 0x000000076ab00000)
  object space 157184K, 99% used [0x00000006c0000000,0x00000006c9900bc0,0x00000006c9980000)
 Metaspace       used 34062K, capacity 35186K, committed 35456K, reserved 1081344K
  class space    used 4028K, capacity 4397K, committed 4480K, reserved 1048576K
Event: 13.089 GC heap after
Heap after GC invocations=11 (full 2):
 PSYoungGen      total 510464K, used 13937K [0x000000076ab00000, 0x0000000799600000, 0x00000007c0000000)
  eden space 481280K, 0% used [0x000000076ab00000,0x000000076ab00000,0x0000000788100000)
  from space 29184K, 47% used [0x0000000788100000,0x0000000788e9c608,0x0000000789d80000)
  to   space 80384K, 0% used [0x0000000794780000,0x0000000794780000,0x0000000799600000)
 ParOldGen       total 376320K, used 157038K [0x00000006c0000000, 0x00000006d6f80000, 0x000000076ab00000)
  object space 376320K, 41% used [0x00000006c0000000,0x00000006c995b888,0x00000006d6f80000)
 Metaspace       used 34059K, capacity 35180K, committed 35456K, reserved 1081344K
  class space    used 4028K, capacity 4395K, committed 4480K, reserved 1048576K
}
Event: 15.055 GC heap before
{Heap before GC invocations=12 (full 2):
 PSYoungGen      total 510464K, used 495217K [0x000000076ab00000, 0x0000000799600000, 0x00000007c0000000)
  eden space 481280K, 100% used [0x000000076ab00000,0x0000000788100000,0x0000000788100000)
  from space 29184K, 47% used [0x0000000788100000,0x0000000788e9c608,0x0000000789d80000)
  to   space 80384K, 0% used [0x0000000794780000,0x0000000794780000,0x0000000799600000)
 ParOldGen       total 376320K, used 157038K [0x00000006c0000000, 0x00000006d6f80000, 0x000000076ab00000)
  object space 376320K, 41% used [0x00000006c0000000,0x00000006c995b888,0x00000006d6f80000)
 Metaspace       used 34505K, capacity 35638K, committed 35712K, reserved 1081344K
  class space    used 4056K, capacity 4439K, committed 4480K, reserved 1048576K
Event: 15.108 GC heap after
Heap after GC invocations=12 (full 2):
 PSYoungGen      total 680960K, used 54641K [0x000000076ab00000, 0x000000079a980000, 0x00000007c0000000)
  eden space 600576K, 0% used [0x000000076ab00000,0x000000076ab00000,0x000000078f580000)
  from space 80384K, 67% used [0x0000000794780000,0x0000000797cdc4b8,0x0000000799600000)
  to   space 83968K, 0% used [0x000000078f580000,0x000000078f580000,0x0000000794780000)
 ParOldGen       total 376320K, used 157046K [0x00000006c0000000, 0x00000006d6f80000, 0x000000076ab00000)
  object space 376320K, 41% used [0x00000006c0000000,0x00000006c995d888,0x00000006d6f80000)
 Metaspace       used 34505K, capacity 35638K, committed 35712K, reserved 1081344K
  class space    used 4056K, capacity 4439K, committed 4480K, reserved 1048576K
}

